<?xml version="1.0" encoding="UTF-8"?>
<testsuite xmlns:xsi="http://www.w3.org/2001/XMLSchema-instance" xsi:noNamespaceSchemaLocation="https://maven.apache.org/surefire/maven-surefire-plugin/xsd/surefire-test-report-3.0.xsd" version="3.0" name="com.example.demo.DemoApplicationTests" time="8.197" tests="10" errors="0" skipped="0" failures="0">
  <properties>
[...]
</properties>
  <testcase name="testCreatePlayer" classname="com.example.demo.DemoApplicationTests" time="1.665">
    <system-out><![CDATA[12:22:42.827 [main] INFO org.springframework.test.context.support.AnnotationConfigContextLoaderUtils -- Could not detect default configuration classes for test class [com.example.demo.DemoApplicationTests]: DemoApplicationTests does not declare any static, non-private, non-final, nested classes annotated with @Configuration.
12:22:42.969 [main] INFO org.springframework.boot.test.context.SpringBootTestContextBootstrapper -- Found @SpringBootConfiguration com.example.demo.DemoApplication for test class com.example.demo.DemoApplicationTests

  .   ____          _            __ _ _
 /\\ / ___'_ __ _ _(_)_ __  __ _ \ \ \ \
( ( )\___ | '_ | '_| | '_ \/ _` | \ \ \ \
 \\/  ___)| |_)| | | | | || (_| |  ) ) ) )
  '  |____| .__|_| |_|_| |_\__, | / / / /
 =========|_|==============|___/=/_/_/_/

 :: Spring Boot ::                (v3.3.4)

2024-12-03T12:22:43.416-05:00  INFO 26888 --- [demo] [           main] com.example.demo.DemoApplicationTests    : Starting DemoApplicationTests using Java 17.0.10 with PID 26888 (started by luzma in C:\Users\luzma\Desktop\ARSW_Project\P_ARSW-Player)
2024-12-03T12:22:43.418-05:00  INFO 26888 --- [demo] [           main] com.example.demo.DemoApplicationTests    : No active profile set, falling back to 1 default profile: "default"
2024-12-03T12:22:44.060-05:00  INFO 26888 --- [demo] [           main] .s.d.r.c.RepositoryConfigurationDelegate : Bootstrapping Spring Data MongoDB repositories in DEFAULT mode.
2024-12-03T12:22:44.109-05:00  INFO 26888 --- [demo] [           main] .s.d.r.c.RepositoryConfigurationDelegate : Finished Spring Data repository scanning in 44 ms. Found 1 MongoDB repository interface.
2024-12-03T12:22:45.044-05:00  INFO 26888 --- [demo] [           main] org.mongodb.driver.client                : MongoClient with metadata {"application": {"name": "LeaderBoards"}, "driver": {"name": "mongo-java-driver|sync", "version": "5.0.1"}, "os": {"type": "Windows", "name": "Windows 11", "architecture": "amd64", "version": "10.0"}, "platform": "Java/Oracle Corporation/17.0.10+11-LTS-240"} created with settings MongoClientSettings{readPreference=primary, writeConcern=WriteConcern{w=majority, wTimeout=null ms, journal=null}, retryWrites=true, retryReads=true, readConcern=ReadConcern{level=null}, credential=MongoCredential{mechanism=null, userName='admins', source='admin', password=<hidden>, mechanismProperties=<hidden>}, transportSettings=null, commandListeners=[], codecRegistry=ProvidersCodecRegistry{codecProviders=[ValueCodecProvider{}, BsonValueCodecProvider{}, DBRefCodecProvider{}, DBObjectCodecProvider{}, DocumentCodecProvider{}, CollectionCodecProvider{}, IterableCodecProvider{}, MapCodecProvider{}, GeoJsonCodecProvider{}, GridFSFileCodecProvider{}, Jsr310CodecProvider{}, JsonObjectCodecProvider{}, BsonCodecProvider{}, EnumCodecProvider{}, com.mongodb.client.model.mql.ExpressionCodecProvider@52831a73, com.mongodb.Jep395RecordCodecProvider@1416ff46, com.mongodb.KotlinCodecProvider@66ec4409]}, loggerSettings=LoggerSettings{maxDocumentLength=1000}, clusterSettings={hosts=[127.0.0.1:27017], srvHost=leaderboards.wcacf.mongodb.net, srvServiceName=mongodb, mode=MULTIPLE, requiredClusterType=REPLICA_SET, requiredReplicaSetName='atlas-re6o2q-shard-0', serverSelector='null', clusterListeners='[]', serverSelectionTimeout='30000 ms', localThreshold='15 ms'}, socketSettings=SocketSettings{connectTimeoutMS=10000, readTimeoutMS=0, receiveBufferSize=0, proxySettings=ProxySettings{host=null, port=null, username=null, password=null}}, heartbeatSocketSettings=SocketSettings{connectTimeoutMS=10000, readTimeoutMS=10000, receiveBufferSize=0, proxySettings=ProxySettings{host=null, port=null, username=null, password=null}}, connectionPoolSettings=ConnectionPoolSettings{maxSize=100, minSize=0, maxWaitTimeMS=120000, maxConnectionLifeTimeMS=0, maxConnectionIdleTimeMS=0, maintenanceInitialDelayMS=0, maintenanceFrequencyMS=60000, connectionPoolListeners=[], maxConnecting=2}, serverSettings=ServerSettings{heartbeatFrequencyMS=10000, minHeartbeatFrequencyMS=500, serverListeners='[]', serverMonitorListeners='[]'}, sslSettings=SslSettings{enabled=true, invalidHostNameAllowed=false, context=null}, applicationName='LeaderBoards', compressorList=[], uuidRepresentation=UNSPECIFIED, serverApi=null, autoEncryptionSettings=null, dnsClient=null, inetAddressResolver=null, contextProvider=null}
2024-12-03T12:22:45.105-05:00  INFO 26888 --- [demo] [acf.mongodb.net] org.mongodb.driver.cluster               : Adding discovered server leaderboards-shard-00-01.wcacf.mongodb.net:27017 to client view of cluster
2024-12-03T12:22:45.133-05:00  INFO 26888 --- [demo] [acf.mongodb.net] org.mongodb.driver.cluster               : Adding discovered server leaderboards-shard-00-02.wcacf.mongodb.net:27017 to client view of cluster
2024-12-03T12:22:45.141-05:00  INFO 26888 --- [demo] [acf.mongodb.net] org.mongodb.driver.cluster               : Adding discovered server leaderboards-shard-00-00.wcacf.mongodb.net:27017 to client view of cluster
2024-12-03T12:22:45.818-05:00  INFO 26888 --- [demo] [ngodb.net:27017] org.mongodb.driver.cluster               : Monitor thread successfully connected to server with description ServerDescription{address=leaderboards-shard-00-00.wcacf.mongodb.net:27017, type=REPLICA_SET_SECONDARY, state=CONNECTED, ok=true, minWireVersion=0, maxWireVersion=25, maxDocumentSize=16777216, logicalSessionTimeoutMinutes=30, roundTripTimeNanos=380933800, setName='atlas-re6o2q-shard-0', canonicalAddress=leaderboards-shard-00-00.wcacf.mongodb.net:27017, hosts=[leaderboards-shard-00-02.wcacf.mongodb.net:27017, leaderboards-shard-00-01.wcacf.mongodb.net:27017, leaderboards-shard-00-00.wcacf.mongodb.net:27017], passives=[], arbiters=[], primary='leaderboards-shard-00-02.wcacf.mongodb.net:27017', tagSet=TagSet{[Tag{name='diskState', value='READY'}, Tag{name='nodeType', value='ELECTABLE'}, Tag{name='provider', value='AZURE'}, Tag{name='region', value='US_EAST_2'}, Tag{name='workloadType', value='OPERATIONAL'}]}, electionId=null, setVersion=276, topologyVersion=TopologyVersion{processId=674f340b850b0c5f4ab54c0a, counter=5}, lastWriteDate=Tue Dec 03 12:23:48 COT 2024, lastUpdateTimeNanos=427086719015800}
2024-12-03T12:22:45.818-05:00  INFO 26888 --- [demo] [ngodb.net:27017] org.mongodb.driver.cluster               : Monitor thread successfully connected to server with description ServerDescription{address=leaderboards-shard-00-01.wcacf.mongodb.net:27017, type=REPLICA_SET_SECONDARY, state=CONNECTED, ok=true, minWireVersion=0, maxWireVersion=25, maxDocumentSize=16777216, logicalSessionTimeoutMinutes=30, roundTripTimeNanos=380922300, setName='atlas-re6o2q-shard-0', canonicalAddress=leaderboards-shard-00-01.wcacf.mongodb.net:27017, hosts=[leaderboards-shard-00-02.wcacf.mongodb.net:27017, leaderboards-shard-00-01.wcacf.mongodb.net:27017, leaderboards-shard-00-00.wcacf.mongodb.net:27017], passives=[], arbiters=[], primary='leaderboards-shard-00-02.wcacf.mongodb.net:27017', tagSet=TagSet{[Tag{name='diskState', value='READY'}, Tag{name='nodeType', value='ELECTABLE'}, Tag{name='provider', value='AZURE'}, Tag{name='region', value='US_EAST_2'}, Tag{name='workloadType', value='OPERATIONAL'}]}, electionId=null, setVersion=276, topologyVersion=TopologyVersion{processId=674f361bd8c16fdff767c4bf, counter=5}, lastWriteDate=Tue Dec 03 12:23:48 COT 2024, lastUpdateTimeNanos=427086719015700}
2024-12-03T12:22:45.818-05:00  INFO 26888 --- [demo] [ngodb.net:27017] org.mongodb.driver.cluster               : Monitor thread successfully connected to server with description ServerDescription{address=leaderboards-shard-00-02.wcacf.mongodb.net:27017, type=REPLICA_SET_PRIMARY, state=CONNECTED, ok=true, minWireVersion=0, maxWireVersion=25, maxDocumentSize=16777216, logicalSessionTimeoutMinutes=30, roundTripTimeNanos=381137100, setName='atlas-re6o2q-shard-0', canonicalAddress=leaderboards-shard-00-02.wcacf.mongodb.net:27017, hosts=[leaderboards-shard-00-02.wcacf.mongodb.net:27017, leaderboards-shard-00-01.wcacf.mongodb.net:27017, leaderboards-shard-00-00.wcacf.mongodb.net:27017], passives=[], arbiters=[], primary='leaderboards-shard-00-02.wcacf.mongodb.net:27017', tagSet=TagSet{[Tag{name='diskState', value='READY'}, Tag{name='nodeType', value='ELECTABLE'}, Tag{name='provider', value='AZURE'}, Tag{name='region', value='US_EAST_2'}, Tag{name='workloadType', value='OPERATIONAL'}]}, electionId=7fffffff0000000000000209, setVersion=276, topologyVersion=TopologyVersion{processId=674f30b9be3489943dd1b3f0, counter=9}, lastWriteDate=Tue Dec 03 12:23:48 COT 2024, lastUpdateTimeNanos=427086719015800}
2024-12-03T12:22:45.824-05:00  INFO 26888 --- [demo] [ngodb.net:27017] org.mongodb.driver.cluster               : Discovered replica set primary leaderboards-shard-00-02.wcacf.mongodb.net:27017 with max election id 7fffffff0000000000000209 and max set version 276
2024-12-03T12:22:46.237-05:00  INFO 26888 --- [demo] [           main] org.mongodb.driver.client                : MongoClient with metadata {"application": {"name": "LeaderBoards"}, "driver": {"name": "mongo-java-driver|sync|spring-boot", "version": "5.0.1"}, "os": {"type": "Windows", "name": "Windows 11", "architecture": "amd64", "version": "10.0"}, "platform": "Java/Oracle Corporation/17.0.10+11-LTS-240"} created with settings MongoClientSettings{readPreference=primary, writeConcern=WriteConcern{w=majority, wTimeout=null ms, journal=null}, retryWrites=true, retryReads=true, readConcern=ReadConcern{level=null}, credential=MongoCredential{mechanism=null, userName='admins', source='admin', password=<hidden>, mechanismProperties=<hidden>}, transportSettings=null, commandListeners=[io.micrometer.core.instrument.binder.mongodb.MongoMetricsCommandListener@571d0925], codecRegistry=ProvidersCodecRegistry{codecProviders=[ValueCodecProvider{}, BsonValueCodecProvider{}, DBRefCodecProvider{}, DBObjectCodecProvider{}, DocumentCodecProvider{}, CollectionCodecProvider{}, IterableCodecProvider{}, MapCodecProvider{}, GeoJsonCodecProvider{}, GridFSFileCodecProvider{}, Jsr310CodecProvider{}, JsonObjectCodecProvider{}, BsonCodecProvider{}, EnumCodecProvider{}, com.mongodb.client.model.mql.ExpressionCodecProvider@52831a73, com.mongodb.Jep395RecordCodecProvider@1416ff46, com.mongodb.KotlinCodecProvider@66ec4409]}, loggerSettings=LoggerSettings{maxDocumentLength=1000}, clusterSettings={hosts=[127.0.0.1:27017], srvHost=leaderboards.wcacf.mongodb.net, srvServiceName=mongodb, mode=MULTIPLE, requiredClusterType=REPLICA_SET, requiredReplicaSetName='atlas-re6o2q-shard-0', serverSelector='null', clusterListeners='[]', serverSelectionTimeout='30000 ms', localThreshold='15 ms'}, socketSettings=SocketSettings{connectTimeoutMS=10000, readTimeoutMS=0, receiveBufferSize=0, proxySettings=ProxySettings{host=null, port=null, username=null, password=null}}, heartbeatSocketSettings=SocketSettings{connectTimeoutMS=10000, readTimeoutMS=10000, receiveBufferSize=0, proxySettings=ProxySettings{host=null, port=null, username=null, password=null}}, connectionPoolSettings=ConnectionPoolSettings{maxSize=100, minSize=0, maxWaitTimeMS=120000, maxConnectionLifeTimeMS=0, maxConnectionIdleTimeMS=0, maintenanceInitialDelayMS=0, maintenanceFrequencyMS=60000, connectionPoolListeners=[io.micrometer.core.instrument.binder.mongodb.MongoMetricsConnectionPoolListener@54e0f76f], maxConnecting=2}, serverSettings=ServerSettings{heartbeatFrequencyMS=10000, minHeartbeatFrequencyMS=500, serverListeners='[]', serverMonitorListeners='[]'}, sslSettings=SslSettings{enabled=true, invalidHostNameAllowed=false, context=null}, applicationName='LeaderBoards', compressorList=[], uuidRepresentation=JAVA_LEGACY, serverApi=null, autoEncryptionSettings=null, dnsClient=null, inetAddressResolver=null, contextProvider=null}
2024-12-03T12:22:46.320-05:00  INFO 26888 --- [demo] [acf.mongodb.net] org.mongodb.driver.cluster               : Adding discovered server leaderboards-shard-00-01.wcacf.mongodb.net:27017 to client view of cluster
2024-12-03T12:22:46.325-05:00  INFO 26888 --- [demo] [acf.mongodb.net] org.mongodb.driver.cluster               : Adding discovered server leaderboards-shard-00-02.wcacf.mongodb.net:27017 to client view of cluster
2024-12-03T12:22:46.328-05:00  INFO 26888 --- [demo] [acf.mongodb.net] org.mongodb.driver.cluster               : Adding discovered server leaderboards-shard-00-00.wcacf.mongodb.net:27017 to client view of cluster
2024-12-03T12:22:46.378-05:00  INFO 26888 --- [demo] [           main] o.s.b.a.e.web.EndpointLinksResolver      : Exposing 14 endpoints beneath base path '/actuator'
2024-12-03T12:22:46.440-05:00  INFO 26888 --- [demo] [           main] com.example.demo.DemoApplicationTests    : Started DemoApplicationTests in 3.294 seconds (process running for 4.289)
2024-12-03T12:22:46.536-05:00  INFO 26888 --- [demo] [ngodb.net:27017] org.mongodb.driver.cluster               : Monitor thread successfully connected to server with description ServerDescription{address=leaderboards-shard-00-01.wcacf.mongodb.net:27017, type=REPLICA_SET_SECONDARY, state=CONNECTED, ok=true, minWireVersion=0, maxWireVersion=25, maxDocumentSize=16777216, logicalSessionTimeoutMinutes=30, roundTripTimeNanos=143061100, setName='atlas-re6o2q-shard-0', canonicalAddress=leaderboards-shard-00-01.wcacf.mongodb.net:27017, hosts=[leaderboards-shard-00-02.wcacf.mongodb.net:27017, leaderboards-shard-00-01.wcacf.mongodb.net:27017, leaderboards-shard-00-00.wcacf.mongodb.net:27017], passives=[], arbiters=[], primary='leaderboards-shard-00-02.wcacf.mongodb.net:27017', tagSet=TagSet{[Tag{name='diskState', value='READY'}, Tag{name='nodeType', value='ELECTABLE'}, Tag{name='provider', value='AZURE'}, Tag{name='region', value='US_EAST_2'}, Tag{name='workloadType', value='OPERATIONAL'}]}, electionId=null, setVersion=276, topologyVersion=TopologyVersion{processId=674f361bd8c16fdff767c4bf, counter=5}, lastWriteDate=Tue Dec 03 12:23:49 COT 2024, lastUpdateTimeNanos=427087439894200}
2024-12-03T12:22:46.537-05:00  INFO 26888 --- [demo] [ngodb.net:27017] org.mongodb.driver.cluster               : Monitor thread successfully connected to server with description ServerDescription{address=leaderboards-shard-00-02.wcacf.mongodb.net:27017, type=REPLICA_SET_PRIMARY, state=CONNECTED, ok=true, minWireVersion=0, maxWireVersion=25, maxDocumentSize=16777216, logicalSessionTimeoutMinutes=30, roundTripTimeNanos=138515400, setName='atlas-re6o2q-shard-0', canonicalAddress=leaderboards-shard-00-02.wcacf.mongodb.net:27017, hosts=[leaderboards-shard-00-02.wcacf.mongodb.net:27017, leaderboards-shard-00-01.wcacf.mongodb.net:27017, leaderboards-shard-00-00.wcacf.mongodb.net:27017], passives=[], arbiters=[], primary='leaderboards-shard-00-02.wcacf.mongodb.net:27017', tagSet=TagSet{[Tag{name='diskState', value='READY'}, Tag{name='nodeType', value='ELECTABLE'}, Tag{name='provider', value='AZURE'}, Tag{name='region', value='US_EAST_2'}, Tag{name='workloadType', value='OPERATIONAL'}]}, electionId=7fffffff0000000000000209, setVersion=276, topologyVersion=TopologyVersion{processId=674f30b9be3489943dd1b3f0, counter=9}, lastWriteDate=Tue Dec 03 12:23:49 COT 2024, lastUpdateTimeNanos=427087441355500}
2024-12-03T12:22:46.538-05:00  INFO 26888 --- [demo] [ngodb.net:27017] org.mongodb.driver.cluster               : Discovered replica set primary leaderboards-shard-00-02.wcacf.mongodb.net:27017 with max election id 7fffffff0000000000000209 and max set version 276
2024-12-03T12:22:46.561-05:00  INFO 26888 --- [demo] [ngodb.net:27017] org.mongodb.driver.cluster               : Monitor thread successfully connected to server with description ServerDescription{address=leaderboards-shard-00-00.wcacf.mongodb.net:27017, type=REPLICA_SET_SECONDARY, state=CONNECTED, ok=true, minWireVersion=0, maxWireVersion=25, maxDocumentSize=16777216, logicalSessionTimeoutMinutes=30, roundTripTimeNanos=157628900, setName='atlas-re6o2q-shard-0', canonicalAddress=leaderboards-shard-00-00.wcacf.mongodb.net:27017, hosts=[leaderboards-shard-00-02.wcacf.mongodb.net:27017, leaderboards-shard-00-01.wcacf.mongodb.net:27017, leaderboards-shard-00-00.wcacf.mongodb.net:27017], passives=[], arbiters=[], primary='leaderboards-shard-00-02.wcacf.mongodb.net:27017', tagSet=TagSet{[Tag{name='diskState', value='READY'}, Tag{name='nodeType', value='ELECTABLE'}, Tag{name='provider', value='AZURE'}, Tag{name='region', value='US_EAST_2'}, Tag{name='workloadType', value='OPERATIONAL'}]}, electionId=null, setVersion=276, topologyVersion=TopologyVersion{processId=674f340b850b0c5f4ab54c0a, counter=5}, lastWriteDate=Tue Dec 03 12:23:49 COT 2024, lastUpdateTimeNanos=427087464517800}
2024-12-03T12:22:47.359-05:00 DEBUG 26888 --- [demo] [           main] o.s.data.mongodb.core.MongoTemplate      : Remove using query: {} in collection: a.
2024-12-03T12:22:47.888-05:00 DEBUG 26888 --- [demo] [           main] o.s.data.mongodb.core.MongoTemplate      : Saving Document containing fields: [_id, email, level, score, _class]
2024-12-03T12:22:47.980-05:00 DEBUG 26888 --- [demo] [           main] o.s.data.mongodb.core.MongoTemplate      : findOne using query: { "nickName" : "newNick"} fields: Document{{}} for class: class com.example.demo.model.Player in collection: a
2024-12-03T12:22:48.084-05:00 DEBUG 26888 --- [demo] [           main] o.s.data.mongodb.core.MongoTemplate      : Remove using query: {} in collection: a.
]]></system-out>
  </testcase>
  <testcase name="testGetAllPlayers" classname="com.example.demo.DemoApplicationTests" time="0.29">
    <system-out><![CDATA[2024-12-03T12:22:48.175-05:00 DEBUG 26888 --- [demo] [           main] o.s.data.mongodb.core.MongoTemplate      : Remove using query: {} in collection: a.
2024-12-03T12:22:48.245-05:00 DEBUG 26888 --- [demo] [           main] o.s.data.mongodb.core.MongoTemplate      : Saving Document containing fields: [_id, email, level, score, _class]
2024-12-03T12:22:48.318-05:00 DEBUG 26888 --- [demo] [           main] o.s.data.mongodb.core.MongoTemplate      : find using query: {} fields: Document{{}} sort: null for class: class com.example.demo.model.Player in collection: a
2024-12-03T12:22:48.390-05:00 DEBUG 26888 --- [demo] [           main] o.s.data.mongodb.core.MongoTemplate      : Remove using query: {} in collection: a.
]]></system-out>
  </testcase>
  <testcase name="testGetEmail" classname="com.example.demo.DemoApplicationTests" time="0.302">
    <system-out><![CDATA[2024-12-03T12:22:48.465-05:00 DEBUG 26888 --- [demo] [           main] o.s.data.mongodb.core.MongoTemplate      : Remove using query: {} in collection: a.
2024-12-03T12:22:48.537-05:00 DEBUG 26888 --- [demo] [           main] o.s.data.mongodb.core.MongoTemplate      : Saving Document containing fields: [_id, email, level, score, _class]
2024-12-03T12:22:48.618-05:00 DEBUG 26888 --- [demo] [           main] o.s.data.mongodb.core.MongoTemplate      : findOne using query: { "nickName" : "testNick"} fields: Document{{}} for class: class com.example.demo.model.Player in collection: a
2024-12-03T12:22:48.689-05:00 DEBUG 26888 --- [demo] [           main] o.s.data.mongodb.core.MongoTemplate      : Remove using query: {} in collection: a.
]]></system-out>
  </testcase>
  <testcase name="testGetPlayer_UserFound" classname="com.example.demo.DemoApplicationTests" time="0.29">
    <system-out><![CDATA[2024-12-03T12:22:48.770-05:00 DEBUG 26888 --- [demo] [           main] o.s.data.mongodb.core.MongoTemplate      : Remove using query: {} in collection: a.
2024-12-03T12:22:48.840-05:00 DEBUG 26888 --- [demo] [           main] o.s.data.mongodb.core.MongoTemplate      : Saving Document containing fields: [_id, email, level, score, _class]
2024-12-03T12:22:48.913-05:00 DEBUG 26888 --- [demo] [           main] o.s.data.mongodb.core.MongoTemplate      : findOne using query: { "nickName" : "testNick"} fields: Document{{}} for class: class com.example.demo.model.Player in collection: a
2024-12-03T12:22:48.983-05:00 DEBUG 26888 --- [demo] [           main] o.s.data.mongodb.core.MongoTemplate      : Remove using query: {} in collection: a.
]]></system-out>
  </testcase>
  <testcase name="testGetLevelPlayer" classname="com.example.demo.DemoApplicationTests" time="0.289">
    <system-out><![CDATA[2024-12-03T12:22:49.060-05:00 DEBUG 26888 --- [demo] [           main] o.s.data.mongodb.core.MongoTemplate      : Remove using query: {} in collection: a.
2024-12-03T12:22:49.130-05:00 DEBUG 26888 --- [demo] [           main] o.s.data.mongodb.core.MongoTemplate      : Saving Document containing fields: [_id, email, level, score, _class]
2024-12-03T12:22:49.202-05:00 DEBUG 26888 --- [demo] [           main] o.s.data.mongodb.core.MongoTemplate      : findOne using query: { "nickName" : "testNick"} fields: Document{{}} for class: class com.example.demo.model.Player in collection: a
2024-12-03T12:22:49.272-05:00 DEBUG 26888 --- [demo] [           main] o.s.data.mongodb.core.MongoTemplate      : Remove using query: {} in collection: a.
]]></system-out>
  </testcase>
  <testcase name="testDeletePlayer" classname="com.example.demo.DemoApplicationTests" time="0.431">
    <system-out><![CDATA[2024-12-03T12:22:49.350-05:00 DEBUG 26888 --- [demo] [           main] o.s.data.mongodb.core.MongoTemplate      : Remove using query: {} in collection: a.
2024-12-03T12:22:49.420-05:00 DEBUG 26888 --- [demo] [           main] o.s.data.mongodb.core.MongoTemplate      : Saving Document containing fields: [_id, email, level, score, _class]
2024-12-03T12:22:49.494-05:00 DEBUG 26888 --- [demo] [           main] o.s.data.mongodb.core.MongoTemplate      : findOne using query: { "nickName" : "testNick"} fields: Document{{}} for class: class com.example.demo.model.Player in collection: a
2024-12-03T12:22:49.565-05:00 DEBUG 26888 --- [demo] [           main] o.s.data.mongodb.core.MongoTemplate      : Remove using query: { "_id" : "testNick"} in collection: a.
2024-12-03T12:22:49.637-05:00 DEBUG 26888 --- [demo] [           main] o.s.data.mongodb.core.MongoTemplate      : findOne using query: { "nickName" : "testNick"} fields: Document{{}} for class: class com.example.demo.model.Player in collection: a
2024-12-03T12:22:49.706-05:00 DEBUG 26888 --- [demo] [           main] o.s.data.mongodb.core.MongoTemplate      : Remove using query: {} in collection: a.
]]></system-out>
  </testcase>
  <testcase name="testUpdatePlayer_WithNickName" classname="com.example.demo.DemoApplicationTests" time="0.429">
    <system-out><![CDATA[2024-12-03T12:22:49.781-05:00 DEBUG 26888 --- [demo] [           main] o.s.data.mongodb.core.MongoTemplate      : Remove using query: {} in collection: a.
2024-12-03T12:22:49.852-05:00 DEBUG 26888 --- [demo] [           main] o.s.data.mongodb.core.MongoTemplate      : Saving Document containing fields: [_id, email, level, score, _class]
2024-12-03T12:22:49.923-05:00 DEBUG 26888 --- [demo] [           main] o.s.data.mongodb.core.MongoTemplate      : findOne using query: { "nickName" : "testNick"} fields: Document{{}} for class: class com.example.demo.model.Player in collection: a
2024-12-03T12:22:49.994-05:00 DEBUG 26888 --- [demo] [           main] o.s.data.mongodb.core.MongoTemplate      : Saving Document containing fields: [_id, email, level, score, _class]
2024-12-03T12:22:50.065-05:00 DEBUG 26888 --- [demo] [           main] o.s.data.mongodb.core.MongoTemplate      : findOne using query: { "nickName" : "testNick"} fields: Document{{}} for class: class com.example.demo.model.Player in collection: a
2024-12-03T12:22:50.136-05:00 DEBUG 26888 --- [demo] [           main] o.s.data.mongodb.core.MongoTemplate      : Remove using query: {} in collection: a.
]]></system-out>
  </testcase>
  <testcase name="testGetPlayer_UserNotFound" classname="com.example.demo.DemoApplicationTests" time="0.214">
    <system-out><![CDATA[2024-12-03T12:22:50.211-05:00 DEBUG 26888 --- [demo] [           main] o.s.data.mongodb.core.MongoTemplate      : Remove using query: {} in collection: a.
2024-12-03T12:22:50.281-05:00 DEBUG 26888 --- [demo] [           main] o.s.data.mongodb.core.MongoTemplate      : findOne using query: { "nickName" : "unknownNick"} fields: Document{{}} for class: class com.example.demo.model.Player in collection: a
2024-12-03T12:22:50.351-05:00 DEBUG 26888 --- [demo] [           main] o.s.data.mongodb.core.MongoTemplate      : Remove using query: {} in collection: a.
]]></system-out>
  </testcase>
  <testcase name="testGetNickName" classname="com.example.demo.DemoApplicationTests" time="0.142">
    <system-out><![CDATA[2024-12-03T12:22:50.425-05:00 DEBUG 26888 --- [demo] [           main] o.s.data.mongodb.core.MongoTemplate      : Remove using query: {} in collection: a.
2024-12-03T12:22:50.495-05:00 DEBUG 26888 --- [demo] [           main] o.s.data.mongodb.core.MongoTemplate      : Remove using query: {} in collection: a.
]]></system-out>
  </testcase>
  <testcase name="testUpdatePlayer_WithPlayerObject" classname="com.example.demo.DemoApplicationTests" time="0.296">
    <system-out><![CDATA[2024-12-03T12:22:50.569-05:00 DEBUG 26888 --- [demo] [           main] o.s.data.mongodb.core.MongoTemplate      : Remove using query: {} in collection: a.
2024-12-03T12:22:50.638-05:00 DEBUG 26888 --- [demo] [           main] o.s.data.mongodb.core.MongoTemplate      : Saving Document containing fields: [_id, email, level, score, _class]
2024-12-03T12:22:50.711-05:00 DEBUG 26888 --- [demo] [           main] o.s.data.mongodb.core.MongoTemplate      : Saving Document containing fields: [_id, email, level, score, _class]
2024-12-03T12:22:50.784-05:00 DEBUG 26888 --- [demo] [           main] o.s.data.mongodb.core.MongoTemplate      : Remove using query: {} in collection: a.
]]></system-out>
  </testcase>
</testsuite>